<?xml version="1.0" encoding="UTF-8"?>
<!-- Generated by org.testng.reporters.JUnitXMLReporter -->
<testsuite hostname="JIM-TI8227" name="Test" tests="10" failures="3" timestamp="11 Dec 2015 12:50:58 GMT" time="301.367" errors="0">
  <testcase name="add_cart" time="45.622" classname="sceanrios_TCs.Cart_Scenario"/>
  <testcase name="delete_cart" time="37.246" classname="sceanrios_TCs.Cart_Scenario"/>
  <testcase name="update_cart" time="39.997" classname="sceanrios_TCs.Cart_Scenario"/>
  <testcase name="invalid_login" time="23.551" classname="sceanrios_TCs.Login_Scenario"/>
  <testcase name="invalid_login" time="23.163" classname="sceanrios_TCs.Login_Scenario"/>
  <testcase name="valid_login" time="22.817" classname="sceanrios_TCs.Login_Scenario"/>
  <testcase name="InvalidSearch" time="18.486" classname="sceanrios_TCs.Search_Scenario"/>
  <testcase name="ValidSearch" time="20.428" classname="sceanrios_TCs.Search_Scenario">
    <failure type="java.lang.AssertionError" message="The following asserts failed:
	expected [true] but found [false]">
      <![CDATA[java.lang.AssertionError: The following asserts failed:
	expected [true] but found [false]
	at sceanrios_TCs.Search_Scenario.ValidSearch(Search_Scenario.java:36)
... Removed 25 stack frames]]>
    </failure>
  </testcase> <!-- ValidSearch -->
  <testcase name="ValidSearch" time="20.171" classname="sceanrios_TCs.Search_Scenario">
    <failure type="java.lang.AssertionError" message="The following asserts failed:
	expected [true] but found [false],
	expected [true] but found [false]">
      <![CDATA[java.lang.AssertionError: The following asserts failed:
	expected [true] but found [false],
	expected [true] but found [false]
	at sceanrios_TCs.Search_Scenario.ValidSearch(Search_Scenario.java:36)
... Removed 25 stack frames]]>
    </failure>
  </testcase> <!-- ValidSearch -->
  <testcase name="ValidSearch" time="21.924" classname="sceanrios_TCs.Search_Scenario">
    <failure type="java.lang.AssertionError" message="The following asserts failed:
	expected [true] but found [false],
	expected [true] but found [false],
	expected [true] but found [false]">
      <![CDATA[java.lang.AssertionError: The following asserts failed:
	expected [true] but found [false],
	expected [true] but found [false],
	expected [true] but found [false]
	at sceanrios_TCs.Search_Scenario.ValidSearch(Search_Scenario.java:36)
... Removed 25 stack frames]]>
    </failure>
  </testcase> <!-- ValidSearch -->
</testsuite> <!-- Test -->
